[2013-03-16 09:26:46] START
[2013-03-16 09:26:46] EDIT welcome/controllers/default.py: 2
[2014-06-12 10:03:22] CREATE tournament_manager_api.py: 0
[2014-06-15 21:55:34] EDIT tournament_manager_api/controllers/tournament_manager_api.py: 0
[2014-06-17 01:17:40] EDIT tournament_manager_api/controllers/tournament_manager_api.py: 0
[2014-06-17 01:17:57] EDIT tournament_manager_api/controllers/tournament_manager_api.py: 0
[2014-06-17 01:23:24] EDIT tournament_manager_api/controllers/tournament_manager_api.py: 0
[2014-06-17 01:43:29] EDIT tournament_manager_api/controllers/tournament_manager_api.py: 0
[2014-06-19 14:45:47] EDIT tournament_manager_api/controllers/tkd_tournament_api.py: 0
[2014-06-19 14:49:18] EDIT tournament_manager_api/controllers/tkd_tournament_api.py: 0
[2014-06-19 14:52:45] EDIT tournament_manager_api/controllers/tkd_tournament_api.py: 0
[2014-06-19 14:53:02] EDIT tournament_manager_api/controllers/tkd_tournament_api.py: 0
[2014-06-19 15:07:27] EDIT tournament_manager_api/controllers/tkd_tournament_api.py: 0
[2014-06-19 15:09:57] EDIT tournament_manager_api/controllers/tkd_tournament_api.py: 0
[2014-06-19 15:15:16] EDIT tournament_manager_api/controllers/tkd_tournament_api.py: 0
[2014-06-19 15:19:18] EDIT tournament_manager_api/controllers/tkd_tournament_api.py: 0
[2014-06-19 15:31:34] EDIT tournament_manager_api/controllers/tkd_tournament_api.py: 0
[2014-06-25 18:41:37] EDIT tournament_manager_api/models/db.py: 0
[2014-06-25 18:43:28] EDIT tournament_manager_api/controllers/default.py: 0
[2014-06-25 18:44:47] EDIT tournament_manager_api/controllers/default.py: 0
[2014-06-27 02:56:07] EDIT tournament_manager_api/controllers/tkd_tournament_api.py: 1
[2014-06-27 02:58:27] EDIT tournament_manager_api/models/db.py: 0
[2014-06-27 03:03:09] EDIT tournament_manager_api/controllers/tkd_tournament_api.py: 0
[2014-06-27 03:11:15] EDIT tournament_manager_api/controllers/tkd_tournament_api.py: 0
[2014-06-27 03:11:15] EDIT tournament_manager_api/controllers/tkd_tournament_api.py: 0
[2014-06-27 03:16:01] EDIT tournament_manager_api/controllers/tkd_tournament_api.py: 1
[2014-06-27 03:32:59] EDIT tournament_manager_api/controllers/tkd_tournament_api.py: 1
[2014-06-27 03:33:06] EDIT tournament_manager_api/controllers/tkd_tournament_api.py: 0
[2014-06-27 03:45:29] EDIT tournament_manager_api/controllers/tkd_tournament_api.py: 1
[2014-06-27 03:45:35] EDIT tournament_manager_api/controllers/tkd_tournament_api.py: 0
[2014-06-27 03:45:37] EDIT tournament_manager_api/controllers/tkd_tournament_api.py: 0
[2014-06-27 03:47:35] EDIT tournament_manager_api/controllers/tkd_tournament_api.py: -1
[2014-06-27 03:52:21] EDIT tournament_manager_api/controllers/tkd_tournament_api.py: 4
[2014-06-27 04:03:30] EDIT tournament_manager_api/controllers/tkd_tournament_api.py: 2
[2014-06-27 04:03:41] EDIT tournament_manager_api/controllers/tkd_tournament_api.py: 0
[2014-06-27 04:06:14] EDIT tournament_manager_api/controllers/tkd_tournament_api.py: 0
[2014-06-27 10:43:37] EDIT tournament_manager_api/controllers/tkd_tournament_api.py: 0
[2014-06-27 11:05:07] EDIT tournament_manager_api/controllers/tkd_tournament_api.py: 0
[2014-06-27 11:05:17] EDIT tournament_manager_api/controllers/tkd_tournament_api.py: 0
[2014-06-27 11:08:28] EDIT tournament_manager_api/controllers/tkd_tournament_api.py: 0
